2019-07-15 17:14:54.047  INFO 21208 --- [main] com.info.OwnerApplication                : Starting OwnerApplication on SC-201906031309 with PID 21208 (E:\workSpace201907\o-lift\o-owner\target\classes started by Administrator in E:\workSpace201907\o-lift)
2019-07-15 17:14:54.057 DEBUG 21208 --- [main] com.info.OwnerApplication                : Running with Spring Boot v2.1.5.RELEASE, Spring v5.1.7.RELEASE
2019-07-15 17:14:54.057  INFO 21208 --- [main] com.info.OwnerApplication                : The following profiles are active: dev
2019-07-15 17:14:57.397  INFO 21208 --- [main] .s.d.r.c.RepositoryConfigurationDelegate : Multiple Spring Data modules found, entering strict repository configuration mode!
2019-07-15 17:14:57.417  INFO 21208 --- [main] .s.d.r.c.RepositoryConfigurationDelegate : Bootstrapping Spring Data repositories in DEFAULT mode.
2019-07-15 17:14:57.607  INFO 21208 --- [main] .s.d.r.c.RepositoryConfigurationDelegate : Finished Spring Data repository scanning in 150ms. Found 0 repository interfaces.
2019-07-15 17:14:58.427  INFO 21208 --- [main] trationDelegate$BeanPostProcessorChecker : Bean 'org.springframework.transaction.annotation.ProxyTransactionManagementConfiguration' of type [org.springframework.transaction.annotation.ProxyTransactionManagementConfiguration$$EnhancerBySpringCGLIB$$f63d9a95] is not eligible for getting processed by all BeanPostProcessors (for example: not eligible for auto-proxying)
2019-07-15 17:14:59.426  INFO 21208 --- [main] o.s.b.w.embedded.tomcat.TomcatWebServer  : Tomcat initialized with port(s): 8083 (http)
2019-07-15 17:14:59.496  INFO 21208 --- [main] o.apache.catalina.core.StandardService   : Starting service [Tomcat]
2019-07-15 17:14:59.496  INFO 21208 --- [main] org.apache.catalina.core.StandardEngine  : Starting Servlet engine: [Apache Tomcat/9.0.19]
2019-07-15 17:14:59.886  INFO 21208 --- [main] o.a.c.c.C.[Tomcat].[localhost].[/]       : Initializing Spring embedded WebApplicationContext
2019-07-15 17:14:59.886  INFO 21208 --- [main] o.s.web.context.ContextLoader            : Root WebApplicationContext: initialization completed in 5719 ms
2019-07-15 17:15:01.096  INFO 21208 --- [main] c.a.d.s.b.a.DruidDataSourceAutoConfigure : Init DruidDataSource
2019-07-15 17:15:02.376  INFO 21208 --- [main] com.alibaba.druid.pool.DruidDataSource   : {dataSource-1} inited
2019-07-15 17:15:04.806  WARN 21208 --- [main] c.b.m.core.toolkit.TableInfoHelper       : Warn: Could not find @TableId in Class: com.info.modules.user.form.SendSMSForm.
2019-07-15 17:15:07.126  INFO 21208 --- [main] pertySourcedRequestMappingHandlerMapping : Mapped URL path [/v2/api-docs] onto method [public org.springframework.http.ResponseEntity<springfox.documentation.spring.web.json.Json> springfox.documentation.swagger2.web.Swagger2Controller.getDocumentation(java.lang.String,javax.servlet.http.HttpServletRequest)]
2019-07-15 17:15:07.486  INFO 21208 --- [main] o.s.s.concurrent.ThreadPoolTaskExecutor  : Initializing ExecutorService 'applicationTaskExecutor'
2019-07-15 17:15:07.736  INFO 21208 --- [main] o.s.b.a.w.s.WelcomePageHandlerMapping    : Adding welcome page template: index
2019-07-15 17:15:08.846  INFO 21208 --- [main] d.s.w.p.DocumentationPluginsBootstrapper : Context refreshed
2019-07-15 17:15:08.886  INFO 21208 --- [main] d.s.w.p.DocumentationPluginsBootstrapper : Found 1 custom documentation plugin(s)
2019-07-15 17:15:08.956  INFO 21208 --- [main] s.d.s.w.s.ApiListingReferenceScanner     : Scanning for api listing references
2019-07-15 17:15:09.286  INFO 21208 --- [main] .d.s.w.r.o.CachingOperationNameGenerator : Generating unique operation named: userInfoUsingGET_1
2019-07-15 17:15:09.456  INFO 21208 --- [main] o.s.b.w.embedded.tomcat.TomcatWebServer  : Tomcat started on port(s): 8083 (http) with context path ''
2019-07-15 17:15:09.466  INFO 21208 --- [main] com.info.OwnerApplication                : Started OwnerApplication in 20.515 seconds (JVM running for 31.5)
2019-07-15 17:32:10.454  INFO 17764 --- [main] com.info.OwnerApplication                : Starting OwnerApplication on SC-201906031309 with PID 17764 (E:\workSpace201907\o-lift\o-owner\target\classes started by Administrator in E:\workSpace201907\o-lift)
2019-07-15 17:32:10.464 DEBUG 17764 --- [main] com.info.OwnerApplication                : Running with Spring Boot v2.1.5.RELEASE, Spring v5.1.7.RELEASE
2019-07-15 17:32:10.464  INFO 17764 --- [main] com.info.OwnerApplication                : The following profiles are active: dev
2019-07-15 17:32:15.325  INFO 17764 --- [main] .s.d.r.c.RepositoryConfigurationDelegate : Multiple Spring Data modules found, entering strict repository configuration mode!
2019-07-15 17:32:15.325  INFO 17764 --- [main] .s.d.r.c.RepositoryConfigurationDelegate : Bootstrapping Spring Data repositories in DEFAULT mode.
2019-07-15 17:32:15.515  INFO 17764 --- [main] .s.d.r.c.RepositoryConfigurationDelegate : Finished Spring Data repository scanning in 160ms. Found 0 repository interfaces.
2019-07-15 17:32:16.325  INFO 17764 --- [main] trationDelegate$BeanPostProcessorChecker : Bean 'org.springframework.transaction.annotation.ProxyTransactionManagementConfiguration' of type [org.springframework.transaction.annotation.ProxyTransactionManagementConfiguration$$EnhancerBySpringCGLIB$$174687f8] is not eligible for getting processed by all BeanPostProcessors (for example: not eligible for auto-proxying)
2019-07-15 17:32:17.215  INFO 17764 --- [main] o.s.b.w.embedded.tomcat.TomcatWebServer  : Tomcat initialized with port(s): 8083 (http)
2019-07-15 17:32:17.255  INFO 17764 --- [main] o.apache.catalina.core.StandardService   : Starting service [Tomcat]
2019-07-15 17:32:17.255  INFO 17764 --- [main] org.apache.catalina.core.StandardEngine  : Starting Servlet engine: [Apache Tomcat/9.0.19]
2019-07-15 17:32:17.615  INFO 17764 --- [main] o.a.c.c.C.[Tomcat].[localhost].[/]       : Initializing Spring embedded WebApplicationContext
2019-07-15 17:32:17.615  INFO 17764 --- [main] o.s.web.context.ContextLoader            : Root WebApplicationContext: initialization completed in 6491 ms
2019-07-15 17:32:18.415  INFO 17764 --- [main] c.a.d.s.b.a.DruidDataSourceAutoConfigure : Init DruidDataSource
2019-07-15 17:32:24.405  INFO 17764 --- [main] com.alibaba.druid.pool.DruidDataSource   : {dataSource-1} inited
2019-07-15 17:32:26.705  WARN 17764 --- [main] c.b.m.core.toolkit.TableInfoHelper       : Warn: Could not find @TableId in Class: com.info.modules.user.form.SendSMSForm.
2019-07-15 17:32:29.484  INFO 17764 --- [main] pertySourcedRequestMappingHandlerMapping : Mapped URL path [/v2/api-docs] onto method [public org.springframework.http.ResponseEntity<springfox.documentation.spring.web.json.Json> springfox.documentation.swagger2.web.Swagger2Controller.getDocumentation(java.lang.String,javax.servlet.http.HttpServletRequest)]
2019-07-15 17:32:29.814  INFO 17764 --- [main] o.s.s.concurrent.ThreadPoolTaskExecutor  : Initializing ExecutorService 'applicationTaskExecutor'
2019-07-15 17:32:30.094  INFO 17764 --- [main] o.s.b.a.w.s.WelcomePageHandlerMapping    : Adding welcome page template: index
2019-07-15 17:32:31.214  INFO 17764 --- [main] d.s.w.p.DocumentationPluginsBootstrapper : Context refreshed
2019-07-15 17:32:31.254  INFO 17764 --- [main] d.s.w.p.DocumentationPluginsBootstrapper : Found 1 custom documentation plugin(s)
2019-07-15 17:32:31.364  INFO 17764 --- [main] s.d.s.w.s.ApiListingReferenceScanner     : Scanning for api listing references
2019-07-15 17:32:31.654  INFO 17764 --- [main] .d.s.w.r.o.CachingOperationNameGenerator : Generating unique operation named: userInfoUsingGET_1
2019-07-15 17:32:31.818  INFO 17764 --- [main] o.s.b.w.embedded.tomcat.TomcatWebServer  : Tomcat started on port(s): 8083 (http) with context path ''
2019-07-15 17:32:31.828  INFO 17764 --- [main] com.info.OwnerApplication                : Started OwnerApplication in 25.143 seconds (JVM running for 34.744)
2019-07-15 17:33:10.991  INFO 21468 --- [main] com.info.ApiPropertyApplication          : Starting ApiPropertyApplication on SC-201906031309 with PID 21468 (E:\workSpace201907\o-lift\o-property\target\classes started by Administrator in E:\workSpace201907\o-lift)
2019-07-15 17:33:11.071 DEBUG 21468 --- [main] com.info.ApiPropertyApplication          : Running with Spring Boot v2.1.5.RELEASE, Spring v5.1.7.RELEASE
2019-07-15 17:33:11.071  INFO 21468 --- [main] com.info.ApiPropertyApplication          : The following profiles are active: dev
2019-07-15 17:33:13.277  INFO 21468 --- [main] .s.d.r.c.RepositoryConfigurationDelegate : Multiple Spring Data modules found, entering strict repository configuration mode!
2019-07-15 17:33:13.277  INFO 21468 --- [main] .s.d.r.c.RepositoryConfigurationDelegate : Bootstrapping Spring Data repositories in DEFAULT mode.
2019-07-15 17:33:13.427  INFO 21468 --- [main] .s.d.r.c.RepositoryConfigurationDelegate : Finished Spring Data repository scanning in 110ms. Found 0 repository interfaces.
2019-07-15 17:33:14.077  INFO 21468 --- [main] trationDelegate$BeanPostProcessorChecker : Bean 'org.springframework.transaction.annotation.ProxyTransactionManagementConfiguration' of type [org.springframework.transaction.annotation.ProxyTransactionManagementConfiguration$$EnhancerBySpringCGLIB$$6788543a] is not eligible for getting processed by all BeanPostProcessors (for example: not eligible for auto-proxying)
2019-07-15 17:33:15.007  INFO 21468 --- [main] o.s.b.w.embedded.tomcat.TomcatWebServer  : Tomcat initialized with port(s): 8085 (http)
2019-07-15 17:33:15.047  INFO 21468 --- [main] o.apache.catalina.core.StandardService   : Starting service [Tomcat]
2019-07-15 17:33:15.047  INFO 21468 --- [main] org.apache.catalina.core.StandardEngine  : Starting Servlet engine: [Apache Tomcat/9.0.19]
2019-07-15 17:33:15.427  INFO 21468 --- [main] o.a.c.c.C.[Tomcat].[localhost].[/]       : Initializing Spring embedded WebApplicationContext
2019-07-15 17:33:15.427  INFO 21468 --- [main] o.s.web.context.ContextLoader            : Root WebApplicationContext: initialization completed in 4256 ms
2019-07-15 17:33:19.786  INFO 21468 --- [main] c.a.d.s.b.a.DruidDataSourceAutoConfigure : Init DruidDataSource
2019-07-15 17:33:21.026  INFO 21468 --- [main] com.alibaba.druid.pool.DruidDataSource   : {dataSource-1} inited
2019-07-15 17:33:21.996  WARN 21468 --- [main] c.b.m.core.toolkit.TableInfoHelper       : Warn: Could not find @TableId in Class: com.info.modules.user.form.SendSMSForm.
2019-07-15 17:33:22.666  INFO 21468 --- [main] pertySourcedRequestMappingHandlerMapping : Mapped URL path [/v2/api-docs] onto method [public org.springframework.http.ResponseEntity<springfox.documentation.spring.web.json.Json> springfox.documentation.swagger2.web.Swagger2Controller.getDocumentation(java.lang.String,javax.servlet.http.HttpServletRequest)]
2019-07-15 17:33:22.956  INFO 21468 --- [main] o.s.s.concurrent.ThreadPoolTaskExecutor  : Initializing ExecutorService 'applicationTaskExecutor'
2019-07-15 17:33:23.186  INFO 21468 --- [main] o.s.b.a.w.s.WelcomePageHandlerMapping    : Adding welcome page template: index
2019-07-15 17:33:23.656  INFO 21468 --- [main] d.s.w.p.DocumentationPluginsBootstrapper : Context refreshed
2019-07-15 17:33:23.726  INFO 21468 --- [main] d.s.w.p.DocumentationPluginsBootstrapper : Found 1 custom documentation plugin(s)
2019-07-15 17:33:23.786  INFO 21468 --- [main] s.d.s.w.s.ApiListingReferenceScanner     : Scanning for api listing references
2019-07-15 17:33:24.106  INFO 21468 --- [main] o.s.b.w.embedded.tomcat.TomcatWebServer  : Tomcat started on port(s): 8085 (http) with context path ''
2019-07-15 17:33:24.116  INFO 21468 --- [main] com.info.ApiPropertyApplication          : Started ApiPropertyApplication in 14.765 seconds (JVM running for 22.693)
2019-07-15 18:17:54.588  INFO 1376 --- [main] com.info.OwnerApplication                : Starting OwnerApplication on SC-201906031309 with PID 1376 (E:\workSpace201907\o-lift\o-owner\target\classes started by Administrator in E:\workSpace201907\o-lift)
2019-07-15 18:17:54.595 DEBUG 1376 --- [main] com.info.OwnerApplication                : Running with Spring Boot v2.1.5.RELEASE, Spring v5.1.7.RELEASE
2019-07-15 18:17:54.595  INFO 1376 --- [main] com.info.OwnerApplication                : The following profiles are active: dev
2019-07-15 18:17:57.063  INFO 1376 --- [main] .s.d.r.c.RepositoryConfigurationDelegate : Multiple Spring Data modules found, entering strict repository configuration mode!
2019-07-15 18:17:57.067  INFO 1376 --- [main] .s.d.r.c.RepositoryConfigurationDelegate : Bootstrapping Spring Data repositories in DEFAULT mode.
2019-07-15 18:17:57.251  INFO 1376 --- [main] .s.d.r.c.RepositoryConfigurationDelegate : Finished Spring Data repository scanning in 161ms. Found 0 repository interfaces.
2019-07-15 18:17:58.007  INFO 1376 --- [main] trationDelegate$BeanPostProcessorChecker : Bean 'org.springframework.transaction.annotation.ProxyTransactionManagementConfiguration' of type [org.springframework.transaction.annotation.ProxyTransactionManagementConfiguration$$EnhancerBySpringCGLIB$$42d357cb] is not eligible for getting processed by all BeanPostProcessors (for example: not eligible for auto-proxying)
2019-07-15 18:17:59.019  INFO 1376 --- [main] o.s.b.w.embedded.tomcat.TomcatWebServer  : Tomcat initialized with port(s): 8083 (http)
2019-07-15 18:17:59.058  INFO 1376 --- [main] o.apache.catalina.core.StandardService   : Starting service [Tomcat]
2019-07-15 18:17:59.058  INFO 1376 --- [main] org.apache.catalina.core.StandardEngine  : Starting Servlet engine: [Apache Tomcat/9.0.19]
2019-07-15 18:17:59.416  INFO 1376 --- [main] o.a.c.c.C.[Tomcat].[localhost].[/]       : Initializing Spring embedded WebApplicationContext
2019-07-15 18:17:59.416  INFO 1376 --- [main] o.s.web.context.ContextLoader            : Root WebApplicationContext: initialization completed in 4714 ms
2019-07-15 18:18:00.332  INFO 1376 --- [main] c.a.d.s.b.a.DruidDataSourceAutoConfigure : Init DruidDataSource
2019-07-15 18:18:01.553  INFO 1376 --- [main] com.alibaba.druid.pool.DruidDataSource   : {dataSource-1} inited
2019-07-15 18:18:03.914  WARN 1376 --- [main] c.b.m.core.toolkit.TableInfoHelper       : Warn: Could not find @TableId in Class: com.info.modules.user.form.SendSMSForm.
2019-07-15 18:18:05.975  INFO 1376 --- [main] pertySourcedRequestMappingHandlerMapping : Mapped URL path [/v2/api-docs] onto method [public org.springframework.http.ResponseEntity<springfox.documentation.spring.web.json.Json> springfox.documentation.swagger2.web.Swagger2Controller.getDocumentation(java.lang.String,javax.servlet.http.HttpServletRequest)]
2019-07-15 18:18:06.244  INFO 1376 --- [main] o.s.s.concurrent.ThreadPoolTaskExecutor  : Initializing ExecutorService 'applicationTaskExecutor'
2019-07-15 18:18:06.492  INFO 1376 --- [main] o.s.b.a.w.s.WelcomePageHandlerMapping    : Adding welcome page template: index
2019-07-15 18:18:07.639  INFO 1376 --- [main] d.s.w.p.DocumentationPluginsBootstrapper : Context refreshed
2019-07-15 18:18:07.680  INFO 1376 --- [main] d.s.w.p.DocumentationPluginsBootstrapper : Found 1 custom documentation plugin(s)
2019-07-15 18:18:07.797  INFO 1376 --- [main] s.d.s.w.s.ApiListingReferenceScanner     : Scanning for api listing references
2019-07-15 18:18:08.195  INFO 1376 --- [main] .d.s.w.r.o.CachingOperationNameGenerator : Generating unique operation named: userInfoUsingGET_1
2019-07-15 18:18:08.407  INFO 1376 --- [main] o.s.b.w.embedded.tomcat.TomcatWebServer  : Tomcat started on port(s): 8083 (http) with context path ''
2019-07-15 18:18:08.416  INFO 1376 --- [main] com.info.OwnerApplication                : Started OwnerApplication in 18.711 seconds (JVM running for 27.322)
2019-07-15 18:18:47.386  INFO 1376 --- [http-nio-8083-exec-1] o.a.c.c.C.[Tomcat].[localhost].[/]       : Initializing Spring DispatcherServlet 'dispatcherServlet'
2019-07-15 18:18:47.388  INFO 1376 --- [http-nio-8083-exec-1] o.s.web.servlet.DispatcherServlet        : Initializing Servlet 'dispatcherServlet'
2019-07-15 18:18:47.410  INFO 1376 --- [http-nio-8083-exec-1] o.s.web.servlet.DispatcherServlet        : Completed initialization in 22 ms
2019-07-15 18:19:41.343  INFO 14640 --- [main] com.info.OwnerApplication                : Starting OwnerApplication on SC-201906031309 with PID 14640 (E:\workSpace201907\o-lift\o-owner\target\classes started by Administrator in E:\workSpace201907\o-lift)
2019-07-15 18:19:41.349 DEBUG 14640 --- [main] com.info.OwnerApplication                : Running with Spring Boot v2.1.5.RELEASE, Spring v5.1.7.RELEASE
2019-07-15 18:19:41.350  INFO 14640 --- [main] com.info.OwnerApplication                : The following profiles are active: dev
2019-07-15 18:19:44.248  INFO 14640 --- [main] .s.d.r.c.RepositoryConfigurationDelegate : Multiple Spring Data modules found, entering strict repository configuration mode!
2019-07-15 18:19:44.252  INFO 14640 --- [main] .s.d.r.c.RepositoryConfigurationDelegate : Bootstrapping Spring Data repositories in DEFAULT mode.
2019-07-15 18:19:44.513  INFO 14640 --- [main] .s.d.r.c.RepositoryConfigurationDelegate : Finished Spring Data repository scanning in 236ms. Found 0 repository interfaces.
2019-07-15 18:19:45.332  INFO 14640 --- [main] trationDelegate$BeanPostProcessorChecker : Bean 'org.springframework.transaction.annotation.ProxyTransactionManagementConfiguration' of type [org.springframework.transaction.annotation.ProxyTransactionManagementConfiguration$$EnhancerBySpringCGLIB$$99f545fa] is not eligible for getting processed by all BeanPostProcessors (for example: not eligible for auto-proxying)
2019-07-15 18:19:46.246  INFO 14640 --- [main] o.s.b.w.embedded.tomcat.TomcatWebServer  : Tomcat initialized with port(s): 8083 (http)
2019-07-15 18:19:46.308  INFO 14640 --- [main] o.apache.catalina.core.StandardService   : Starting service [Tomcat]
2019-07-15 18:19:46.309  INFO 14640 --- [main] org.apache.catalina.core.StandardEngine  : Starting Servlet engine: [Apache Tomcat/9.0.19]
2019-07-15 18:19:46.777  INFO 14640 --- [main] o.a.c.c.C.[Tomcat].[localhost].[/]       : Initializing Spring embedded WebApplicationContext
2019-07-15 18:19:46.778  INFO 14640 --- [main] o.s.web.context.ContextLoader            : Root WebApplicationContext: initialization completed in 5289 ms
2019-07-15 18:19:47.656  INFO 14640 --- [main] c.a.d.s.b.a.DruidDataSourceAutoConfigure : Init DruidDataSource
2019-07-15 18:19:48.771  INFO 14640 --- [main] com.alibaba.druid.pool.DruidDataSource   : {dataSource-1} inited
2019-07-15 18:19:51.460  WARN 14640 --- [main] c.b.m.core.toolkit.TableInfoHelper       : Warn: Could not find @TableId in Class: com.info.modules.user.form.SendSMSForm.
2019-07-15 18:19:53.818  INFO 14640 --- [main] pertySourcedRequestMappingHandlerMapping : Mapped URL path [/v2/api-docs] onto method [public org.springframework.http.ResponseEntity<springfox.documentation.spring.web.json.Json> springfox.documentation.swagger2.web.Swagger2Controller.getDocumentation(java.lang.String,javax.servlet.http.HttpServletRequest)]
2019-07-15 18:19:54.083  INFO 14640 --- [main] o.s.s.concurrent.ThreadPoolTaskExecutor  : Initializing ExecutorService 'applicationTaskExecutor'
2019-07-15 18:19:54.319  INFO 14640 --- [main] o.s.b.a.w.s.WelcomePageHandlerMapping    : Adding welcome page template: index
2019-07-15 18:19:55.337  INFO 14640 --- [main] d.s.w.p.DocumentationPluginsBootstrapper : Context refreshed
2019-07-15 18:19:55.369  INFO 14640 --- [main] d.s.w.p.DocumentationPluginsBootstrapper : Found 1 custom documentation plugin(s)
2019-07-15 18:19:55.446  INFO 14640 --- [main] s.d.s.w.s.ApiListingReferenceScanner     : Scanning for api listing references
2019-07-15 18:19:55.830  INFO 14640 --- [main] .d.s.w.r.o.CachingOperationNameGenerator : Generating unique operation named: userInfoUsingGET_1
2019-07-15 18:19:56.015  INFO 14640 --- [main] o.s.b.w.embedded.tomcat.TomcatWebServer  : Tomcat started on port(s): 8083 (http) with context path ''
2019-07-15 18:19:56.021  INFO 14640 --- [main] com.info.OwnerApplication                : Started OwnerApplication in 19.698 seconds (JVM running for 27.305)
2019-07-15 18:21:43.714  INFO 11932 --- [main] com.info.OwnerApplication                : Starting OwnerApplication on SC-201906031309 with PID 11932 (E:\workSpace201907\o-lift\o-owner\target\classes started by Administrator in E:\workSpace201907\o-lift)
2019-07-15 18:21:43.720 DEBUG 11932 --- [main] com.info.OwnerApplication                : Running with Spring Boot v2.1.5.RELEASE, Spring v5.1.7.RELEASE
2019-07-15 18:21:43.720  INFO 11932 --- [main] com.info.OwnerApplication                : The following profiles are active: dev
2019-07-15 18:21:46.706  INFO 11932 --- [main] .s.d.r.c.RepositoryConfigurationDelegate : Multiple Spring Data modules found, entering strict repository configuration mode!
2019-07-15 18:21:46.711  INFO 11932 --- [main] .s.d.r.c.RepositoryConfigurationDelegate : Bootstrapping Spring Data repositories in DEFAULT mode.
2019-07-15 18:21:46.963  INFO 11932 --- [main] .s.d.r.c.RepositoryConfigurationDelegate : Finished Spring Data repository scanning in 220ms. Found 0 repository interfaces.
2019-07-15 18:21:47.911  INFO 11932 --- [main] trationDelegate$BeanPostProcessorChecker : Bean 'org.springframework.transaction.annotation.ProxyTransactionManagementConfiguration' of type [org.springframework.transaction.annotation.ProxyTransactionManagementConfiguration$$EnhancerBySpringCGLIB$$80bbdf4] is not eligible for getting processed by all BeanPostProcessors (for example: not eligible for auto-proxying)
2019-07-15 18:21:48.768  INFO 11932 --- [main] o.s.b.w.embedded.tomcat.TomcatWebServer  : Tomcat initialized with port(s): 8083 (http)
2019-07-15 18:21:48.811  INFO 11932 --- [main] o.apache.catalina.core.StandardService   : Starting service [Tomcat]
2019-07-15 18:21:48.812  INFO 11932 --- [main] org.apache.catalina.core.StandardEngine  : Starting Servlet engine: [Apache Tomcat/9.0.19]
2019-07-15 18:21:49.159  INFO 11932 --- [main] o.a.c.c.C.[Tomcat].[localhost].[/]       : Initializing Spring embedded WebApplicationContext
2019-07-15 18:21:49.159  INFO 11932 --- [main] o.s.web.context.ContextLoader            : Root WebApplicationContext: initialization completed in 5336 ms
2019-07-15 18:21:49.973  INFO 11932 --- [main] c.a.d.s.b.a.DruidDataSourceAutoConfigure : Init DruidDataSource
2019-07-15 18:21:51.096  INFO 11932 --- [main] com.alibaba.druid.pool.DruidDataSource   : {dataSource-1} inited
2019-07-15 18:21:54.062  WARN 11932 --- [main] c.b.m.core.toolkit.TableInfoHelper       : Warn: Could not find @TableId in Class: com.info.modules.user.form.SendSMSForm.
2019-07-15 18:21:55.964  INFO 11932 --- [main] pertySourcedRequestMappingHandlerMapping : Mapped URL path [/v2/api-docs] onto method [public org.springframework.http.ResponseEntity<springfox.documentation.spring.web.json.Json> springfox.documentation.swagger2.web.Swagger2Controller.getDocumentation(java.lang.String,javax.servlet.http.HttpServletRequest)]
2019-07-15 18:21:56.249  INFO 11932 --- [main] o.s.s.concurrent.ThreadPoolTaskExecutor  : Initializing ExecutorService 'applicationTaskExecutor'
2019-07-15 18:21:56.498  INFO 11932 --- [main] o.s.b.a.w.s.WelcomePageHandlerMapping    : Adding welcome page template: index
2019-07-15 18:21:57.482  INFO 11932 --- [main] d.s.w.p.DocumentationPluginsBootstrapper : Context refreshed
2019-07-15 18:21:57.512  INFO 11932 --- [main] d.s.w.p.DocumentationPluginsBootstrapper : Found 1 custom documentation plugin(s)
2019-07-15 18:21:57.582  INFO 11932 --- [main] s.d.s.w.s.ApiListingReferenceScanner     : Scanning for api listing references
2019-07-15 18:21:57.878  INFO 11932 --- [main] .d.s.w.r.o.CachingOperationNameGenerator : Generating unique operation named: userInfoUsingGET_1
2019-07-15 18:21:58.045  INFO 11932 --- [main] o.s.b.w.embedded.tomcat.TomcatWebServer  : Tomcat started on port(s): 8083 (http) with context path ''
2019-07-15 18:21:58.052  INFO 11932 --- [main] com.info.OwnerApplication                : Started OwnerApplication in 20.776 seconds (JVM running for 27.588)
2019-07-15 18:22:18.894  INFO 11932 --- [http-nio-8083-exec-2] o.a.c.c.C.[Tomcat].[localhost].[/]       : Initializing Spring DispatcherServlet 'dispatcherServlet'
2019-07-15 18:22:18.896  INFO 11932 --- [http-nio-8083-exec-2] o.s.web.servlet.DispatcherServlet        : Initializing Servlet 'dispatcherServlet'
2019-07-15 18:22:18.915  INFO 11932 --- [http-nio-8083-exec-2] o.s.web.servlet.DispatcherServlet        : Completed initialization in 19 ms
2019-07-15 18:22:57.205  INFO 11932 --- [http-nio-8083-exec-1] io.lettuce.core.EpollProvider            : Starting without optional epoll library
2019-07-15 18:22:57.255  INFO 11932 --- [http-nio-8083-exec-1] io.lettuce.core.KqueueProvider           : Starting without optional kqueue library
2019-07-15 18:23:32.263 DEBUG 11932 --- [http-nio-8083-exec-1] c.i.m.user.dao.IUserAuthDao.updateById   : ==>  Preparing: UPDATE user_auth SET user_id=?, info_id=?, build_id=?, identity=?, real_name=?, id_card=?, creator_time=? WHERE auth_id=? 
2019-07-15 18:23:32.291 DEBUG 11932 --- [http-nio-8083-exec-1] c.i.m.user.dao.IUserAuthDao.updateById   : ==> Parameters: 1(Integer), 1(Integer), 21(Integer), 1(Integer), 刘丹(String), 4113111111(String), 2019-07-15 18:23:16.005(Timestamp), 1(Integer)
2019-07-15 18:23:32.319 DEBUG 11932 --- [http-nio-8083-exec-1] c.i.m.user.dao.IUserAuthDao.updateById   : <==    Updates: 1
2019-07-15 18:32:39.627  INFO 13368 --- [main] com.info.OwnerApplication                : Starting OwnerApplication on SC-201906031309 with PID 13368 (E:\workSpace201907\o-lift\o-owner\target\classes started by Administrator in E:\workSpace201907\o-lift)
2019-07-15 18:32:39.637 DEBUG 13368 --- [main] com.info.OwnerApplication                : Running with Spring Boot v2.1.5.RELEASE, Spring v5.1.7.RELEASE
2019-07-15 18:32:39.638  INFO 13368 --- [main] com.info.OwnerApplication                : The following profiles are active: dev
2019-07-15 18:32:43.156  INFO 13368 --- [main] .s.d.r.c.RepositoryConfigurationDelegate : Multiple Spring Data modules found, entering strict repository configuration mode!
2019-07-15 18:32:43.173  INFO 13368 --- [main] .s.d.r.c.RepositoryConfigurationDelegate : Bootstrapping Spring Data repositories in DEFAULT mode.
2019-07-15 18:32:43.399  INFO 13368 --- [main] .s.d.r.c.RepositoryConfigurationDelegate : Finished Spring Data repository scanning in 172ms. Found 0 repository interfaces.
2019-07-15 18:32:44.145  INFO 13368 --- [main] trationDelegate$BeanPostProcessorChecker : Bean 'org.springframework.transaction.annotation.ProxyTransactionManagementConfiguration' of type [org.springframework.transaction.annotation.ProxyTransactionManagementConfiguration$$EnhancerBySpringCGLIB$$52ac75de] is not eligible for getting processed by all BeanPostProcessors (for example: not eligible for auto-proxying)
2019-07-15 18:32:44.989  INFO 13368 --- [main] o.s.b.w.embedded.tomcat.TomcatWebServer  : Tomcat initialized with port(s): 8083 (http)
2019-07-15 18:32:45.031  INFO 13368 --- [main] o.apache.catalina.core.StandardService   : Starting service [Tomcat]
2019-07-15 18:32:45.031  INFO 13368 --- [main] org.apache.catalina.core.StandardEngine  : Starting Servlet engine: [Apache Tomcat/9.0.19]
2019-07-15 18:32:45.388  INFO 13368 --- [main] o.a.c.c.C.[Tomcat].[localhost].[/]       : Initializing Spring embedded WebApplicationContext
2019-07-15 18:32:45.389  INFO 13368 --- [main] o.s.web.context.ContextLoader            : Root WebApplicationContext: initialization completed in 5618 ms
2019-07-15 18:32:46.178  INFO 13368 --- [main] c.a.d.s.b.a.DruidDataSourceAutoConfigure : Init DruidDataSource
2019-07-15 18:32:47.369  INFO 13368 --- [main] com.alibaba.druid.pool.DruidDataSource   : {dataSource-1} inited
2019-07-15 18:32:49.642  WARN 13368 --- [main] c.b.m.core.toolkit.TableInfoHelper       : Warn: Could not find @TableId in Class: com.info.modules.user.form.SendSMSForm.
2019-07-15 18:34:37.497  INFO 7384 --- [main] com.info.OwnerApplication                : Starting OwnerApplication on SC-201906031309 with PID 7384 (E:\workSpace201907\o-lift\o-owner\target\classes started by Administrator in E:\workSpace201907\o-lift)
2019-07-15 18:34:37.503 DEBUG 7384 --- [main] com.info.OwnerApplication                : Running with Spring Boot v2.1.5.RELEASE, Spring v5.1.7.RELEASE
2019-07-15 18:34:37.504  INFO 7384 --- [main] com.info.OwnerApplication                : The following profiles are active: dev
2019-07-15 18:34:43.046  INFO 7384 --- [main] .s.d.r.c.RepositoryConfigurationDelegate : Multiple Spring Data modules found, entering strict repository configuration mode!
2019-07-15 18:34:43.050  INFO 7384 --- [main] .s.d.r.c.RepositoryConfigurationDelegate : Bootstrapping Spring Data repositories in DEFAULT mode.
2019-07-15 18:34:43.226  INFO 7384 --- [main] .s.d.r.c.RepositoryConfigurationDelegate : Finished Spring Data repository scanning in 152ms. Found 0 repository interfaces.
2019-07-15 18:34:43.970  INFO 7384 --- [main] trationDelegate$BeanPostProcessorChecker : Bean 'org.springframework.transaction.annotation.ProxyTransactionManagementConfiguration' of type [org.springframework.transaction.annotation.ProxyTransactionManagementConfiguration$$EnhancerBySpringCGLIB$$53060385] is not eligible for getting processed by all BeanPostProcessors (for example: not eligible for auto-proxying)
2019-07-15 18:34:44.803  INFO 7384 --- [main] o.s.b.w.embedded.tomcat.TomcatWebServer  : Tomcat initialized with port(s): 8083 (http)
2019-07-15 18:34:44.841  INFO 7384 --- [main] o.apache.catalina.core.StandardService   : Starting service [Tomcat]
2019-07-15 18:34:44.841  INFO 7384 --- [main] org.apache.catalina.core.StandardEngine  : Starting Servlet engine: [Apache Tomcat/9.0.19]
2019-07-15 18:34:45.186  INFO 7384 --- [main] o.a.c.c.C.[Tomcat].[localhost].[/]       : Initializing Spring embedded WebApplicationContext
2019-07-15 18:34:45.186  INFO 7384 --- [main] o.s.web.context.ContextLoader            : Root WebApplicationContext: initialization completed in 4383 ms
2019-07-15 18:34:46.012  INFO 7384 --- [main] c.a.d.s.b.a.DruidDataSourceAutoConfigure : Init DruidDataSource
2019-07-15 18:34:47.155  INFO 7384 --- [main] com.alibaba.druid.pool.DruidDataSource   : {dataSource-1} inited
2019-07-15 18:34:49.370  WARN 7384 --- [main] c.b.m.core.toolkit.TableInfoHelper       : Warn: Could not find @TableId in Class: com.info.modules.user.form.SendSMSForm.
2019-07-15 18:35:34.560  INFO 7384 --- [main] pertySourcedRequestMappingHandlerMapping : Mapped URL path [/v2/api-docs] onto method [public org.springframework.http.ResponseEntity<springfox.documentation.spring.web.json.Json> springfox.documentation.swagger2.web.Swagger2Controller.getDocumentation(java.lang.String,javax.servlet.http.HttpServletRequest)]
2019-07-15 18:35:35.110  INFO 7384 --- [main] o.s.s.concurrent.ThreadPoolTaskExecutor  : Initializing ExecutorService 'applicationTaskExecutor'
2019-07-15 18:35:35.601  INFO 7384 --- [main] o.s.b.a.w.s.WelcomePageHandlerMapping    : Adding welcome page template: index
2019-07-15 18:35:37.049  INFO 7384 --- [main] d.s.w.p.DocumentationPluginsBootstrapper : Context refreshed
2019-07-15 18:35:37.088  INFO 7384 --- [main] d.s.w.p.DocumentationPluginsBootstrapper : Found 1 custom documentation plugin(s)
2019-07-15 18:35:37.170  INFO 7384 --- [main] s.d.s.w.s.ApiListingReferenceScanner     : Scanning for api listing references
2019-07-15 18:35:37.526  INFO 7384 --- [main] .d.s.w.r.o.CachingOperationNameGenerator : Generating unique operation named: userInfoUsingGET_1
2019-07-15 18:35:37.753  INFO 7384 --- [main] o.s.b.w.embedded.tomcat.TomcatWebServer  : Tomcat started on port(s): 8083 (http) with context path ''
2019-07-15 18:35:37.760  INFO 7384 --- [main] com.info.OwnerApplication                : Started OwnerApplication in 62.057 seconds (JVM running for 69.466)
2019-07-15 18:35:52.263  INFO 7384 --- [http-nio-8083-exec-1] o.a.c.c.C.[Tomcat].[localhost].[/]       : Initializing Spring DispatcherServlet 'dispatcherServlet'
2019-07-15 18:35:52.277  INFO 7384 --- [http-nio-8083-exec-1] o.s.web.servlet.DispatcherServlet        : Initializing Servlet 'dispatcherServlet'
2019-07-15 18:35:55.111  INFO 7384 --- [http-nio-8083-exec-1] o.s.web.servlet.DispatcherServlet        : Completed initialization in 2823 ms
2019-07-15 18:35:59.329 ERROR 7384 --- [http-nio-8083-exec-1] com.info.exception.ApiExceptionHandler   : Content type 'multipart/form-data;boundary=----WebKitFormBoundaryO8hdMDhjRqVCgeJJ;charset=UTF-8' not supported

org.springframework.web.HttpMediaTypeNotSupportedException: Content type 'multipart/form-data;boundary=----WebKitFormBoundaryO8hdMDhjRqVCgeJJ;charset=UTF-8' not supported
	at org.springframework.web.servlet.mvc.method.annotation.AbstractMessageConverterMethodArgumentResolver.readWithMessageConverters(AbstractMessageConverterMethodArgumentResolver.java:224)
	at org.springframework.web.servlet.mvc.method.annotation.RequestResponseBodyMethodProcessor.readWithMessageConverters(RequestResponseBodyMethodProcessor.java:157)
	at org.springframework.web.servlet.mvc.method.annotation.RequestResponseBodyMethodProcessor.resolveArgument(RequestResponseBodyMethodProcessor.java:130)
	at org.springframework.web.method.support.HandlerMethodArgumentResolverComposite.resolveArgument(HandlerMethodArgumentResolverComposite.java:126)
	at org.springframework.web.method.support.InvocableHandlerMethod.getMethodArgumentValues(InvocableHandlerMethod.java:167)
	at org.springframework.web.method.support.InvocableHandlerMethod.invokeForRequest(InvocableHandlerMethod.java:134)
	at org.springframework.web.servlet.mvc.method.annotation.ServletInvocableHandlerMethod.invokeAndHandle(ServletInvocableHandlerMethod.java:104)
	at org.springframework.web.servlet.mvc.method.annotation.RequestMappingHandlerAdapter.invokeHandlerMethod(RequestMappingHandlerAdapter.java:892)
	at org.springframework.web.servlet.mvc.method.annotation.RequestMappingHandlerAdapter.handleInternal(RequestMappingHandlerAdapter.java:797)
	at org.springframework.web.servlet.mvc.method.AbstractHandlerMethodAdapter.handle(AbstractHandlerMethodAdapter.java:87)
	at org.springframework.web.servlet.DispatcherServlet.doDispatch(DispatcherServlet.java:1039)
	at org.springframework.web.servlet.DispatcherServlet.doService(DispatcherServlet.java:942)
	at org.springframework.web.servlet.FrameworkServlet.processRequest(FrameworkServlet.java:1005)
	at org.springframework.web.servlet.FrameworkServlet.doPost(FrameworkServlet.java:908)
	at javax.servlet.http.HttpServlet.service(HttpServlet.java:660)
	at org.springframework.web.servlet.FrameworkServlet.service(FrameworkServlet.java:882)
	at javax.servlet.http.HttpServlet.service(HttpServlet.java:741)
	at org.apache.catalina.core.ApplicationFilterChain.internalDoFilter(ApplicationFilterChain.java:231)
	at org.apache.catalina.core.ApplicationFilterChain.doFilter(ApplicationFilterChain.java:166)
	at org.apache.tomcat.websocket.server.WsFilter.doFilter(WsFilter.java:53)
	at org.apache.catalina.core.ApplicationFilterChain.internalDoFilter(ApplicationFilterChain.java:193)
	at org.apache.catalina.core.ApplicationFilterChain.doFilter(ApplicationFilterChain.java:166)
	at com.info.xss.XssFilter.doFilter(XssFilter.java:23)
	at org.apache.catalina.core.ApplicationFilterChain.internalDoFilter(ApplicationFilterChain.java:193)
	at org.apache.catalina.core.ApplicationFilterChain.doFilter(ApplicationFilterChain.java:166)
	at org.springframework.web.filter.RequestContextFilter.doFilterInternal(RequestContextFilter.java:99)
	at org.springframework.web.filter.OncePerRequestFilter.doFilter(OncePerRequestFilter.java:107)
	at org.apache.catalina.core.ApplicationFilterChain.internalDoFilter(ApplicationFilterChain.java:193)
	at org.apache.catalina.core.ApplicationFilterChain.doFilter(ApplicationFilterChain.java:166)
	at org.springframework.web.filter.FormContentFilter.doFilterInternal(FormContentFilter.java:92)
	at org.springframework.web.filter.OncePerRequestFilter.doFilter(OncePerRequestFilter.java:107)
	at org.apache.catalina.core.ApplicationFilterChain.internalDoFilter(ApplicationFilterChain.java:193)
	at org.apache.catalina.core.ApplicationFilterChain.doFilter(ApplicationFilterChain.java:166)
	at org.springframework.web.filter.HiddenHttpMethodFilter.doFilterInternal(HiddenHttpMethodFilter.java:93)
	at org.springframework.web.filter.OncePerRequestFilter.doFilter(OncePerRequestFilter.java:107)
	at org.apache.catalina.core.ApplicationFilterChain.internalDoFilter(ApplicationFilterChain.java:193)
	at org.apache.catalina.core.ApplicationFilterChain.doFilter(ApplicationFilterChain.java:166)
	at org.springframework.web.filter.CharacterEncodingFilter.doFilterInternal(CharacterEncodingFilter.java:200)
	at org.springframework.web.filter.OncePerRequestFilter.doFilter(OncePerRequestFilter.java:107)
	at org.apache.catalina.core.ApplicationFilterChain.internalDoFilter(ApplicationFilterChain.java:193)
	at org.apache.catalina.core.ApplicationFilterChain.doFilter(ApplicationFilterChain.java:166)
	at org.apache.catalina.core.StandardWrapperValve.invoke(StandardWrapperValve.java:200)
	at org.apache.catalina.core.StandardContextValve.invoke(StandardContextValve.java:96)
	at org.apache.catalina.authenticator.AuthenticatorBase.invoke(AuthenticatorBase.java:490)
	at org.apache.catalina.core.StandardHostValve.invoke(StandardHostValve.java:139)
	at org.apache.catalina.valves.ErrorReportValve.invoke(ErrorReportValve.java:92)
	at org.apache.catalina.core.StandardEngineValve.invoke(StandardEngineValve.java:74)
	at org.apache.catalina.connector.CoyoteAdapter.service(CoyoteAdapter.java:343)
	at org.apache.coyote.http11.Http11Processor.service(Http11Processor.java:408)
	at org.apache.coyote.AbstractProcessorLight.process(AbstractProcessorLight.java:66)
	at org.apache.coyote.AbstractProtocol$ConnectionHandler.process(AbstractProtocol.java:836)
	at org.apache.tomcat.util.net.NioEndpoint$SocketProcessor.doRun(NioEndpoint.java:1747)
	at org.apache.tomcat.util.net.SocketProcessorBase.run(SocketProcessorBase.java:49)
	at java.util.concurrent.ThreadPoolExecutor.runWorker(ThreadPoolExecutor.java:1142)
	at java.util.concurrent.ThreadPoolExecutor$Worker.run(ThreadPoolExecutor.java:617)
	at org.apache.tomcat.util.threads.TaskThread$WrappingRunnable.run(TaskThread.java:61)
	at java.lang.Thread.run(Thread.java:745)

