2019-07-11 21:56:59.264  INFO 10092 --- [main] com.info.ProvideApplication              : Starting ProvideApplication on SC-201906031309 with PID 10092 (E:\workSpace201907\o-lift\o-provid\target\classes started by Administrator in E:\workSpace201907\o-lift)
2019-07-11 21:56:59.279 DEBUG 10092 --- [main] com.info.ProvideApplication              : Running with Spring Boot v2.1.5.RELEASE, Spring v5.1.7.RELEASE
2019-07-11 21:56:59.282  INFO 10092 --- [main] com.info.ProvideApplication              : The following profiles are active: dev
2019-07-11 21:57:02.975  INFO 10092 --- [main] .s.d.r.c.RepositoryConfigurationDelegate : Multiple Spring Data modules found, entering strict repository configuration mode!
2019-07-11 21:57:02.979  INFO 10092 --- [main] .s.d.r.c.RepositoryConfigurationDelegate : Bootstrapping Spring Data repositories in DEFAULT mode.
2019-07-11 21:57:03.111  INFO 10092 --- [main] .s.d.r.c.RepositoryConfigurationDelegate : Finished Spring Data repository scanning in 104ms. Found 0 repository interfaces.
2019-07-11 21:57:03.931  INFO 10092 --- [main] trationDelegate$BeanPostProcessorChecker : Bean 'org.springframework.transaction.annotation.ProxyTransactionManagementConfiguration' of type [org.springframework.transaction.annotation.ProxyTransactionManagementConfiguration$$EnhancerBySpringCGLIB$$7e83cb34] is not eligible for getting processed by all BeanPostProcessors (for example: not eligible for auto-proxying)
2019-07-11 21:57:04.955  INFO 10092 --- [main] o.s.b.w.embedded.tomcat.TomcatWebServer  : Tomcat initialized with port(s): 8086 (http)
2019-07-11 21:57:05.050  INFO 10092 --- [main] o.apache.catalina.core.StandardService   : Starting service [Tomcat]
2019-07-11 21:57:05.051  INFO 10092 --- [main] org.apache.catalina.core.StandardEngine  : Starting Servlet engine: [Apache Tomcat/9.0.19]
2019-07-11 21:57:05.628  INFO 10092 --- [main] o.a.c.c.C.[Tomcat].[localhost].[/]       : Initializing Spring embedded WebApplicationContext
2019-07-11 21:57:05.628  INFO 10092 --- [main] o.s.web.context.ContextLoader            : Root WebApplicationContext: initialization completed in 6122 ms
2019-07-11 21:57:09.361  INFO 10092 --- [main] c.a.d.s.b.a.DruidDataSourceAutoConfigure : Init DruidDataSource
2019-07-11 21:57:10.418  INFO 10092 --- [main] com.alibaba.druid.pool.DruidDataSource   : {dataSource-1} inited
2019-07-11 21:57:10.482  WARN 10092 --- [main] o.mybatis.spring.SqlSessionFactoryBean   : Can't find class in '[com.info.modules.*.modules]' package. Please check your configuration.
2019-07-11 21:57:12.122  INFO 10092 --- [main] pertySourcedRequestMappingHandlerMapping : Mapped URL path [/v2/api-docs] onto method [public org.springframework.http.ResponseEntity<springfox.documentation.spring.web.json.Json> springfox.documentation.swagger2.web.Swagger2Controller.getDocumentation(java.lang.String,javax.servlet.http.HttpServletRequest)]
2019-07-11 21:57:12.504  INFO 10092 --- [main] o.s.s.concurrent.ThreadPoolTaskExecutor  : Initializing ExecutorService 'applicationTaskExecutor'
2019-07-11 21:57:12.836  INFO 10092 --- [main] o.s.b.a.w.s.WelcomePageHandlerMapping    : Adding welcome page template: index
2019-07-11 21:57:13.363  INFO 10092 --- [main] d.s.w.p.DocumentationPluginsBootstrapper : Context refreshed
2019-07-11 21:57:13.396  INFO 10092 --- [main] d.s.w.p.DocumentationPluginsBootstrapper : Found 1 custom documentation plugin(s)
2019-07-11 21:57:13.496  INFO 10092 --- [main] s.d.s.w.s.ApiListingReferenceScanner     : Scanning for api listing references
2019-07-11 21:57:13.897  INFO 10092 --- [main] o.s.b.w.embedded.tomcat.TomcatWebServer  : Tomcat started on port(s): 8086 (http) with context path ''
2019-07-11 21:57:13.902  INFO 10092 --- [main] com.info.ProvideApplication              : Started ProvideApplication in 17.005 seconds (JVM running for 23.899)
